k4l-video-trimmer/build/intermediates/manifest_merge_blame_file/debug/manifest-merger-blame-debug-report.txt
1<?xml version="1.0" encoding="utf-8"?>
2<manifest xmlns:android="http://schemas.android.com/apk/res/android"
3    xmlns:tools="http://schemas.android.com/tools"
4    package="life.knowledge4.videotrimmer" >
5
6    <uses-sdk android:minSdkVersion="16" />
6-->src\main\AndroidManifest.xml
7
8    <uses-permission android:name="android.permission.WRITE_EXTERNAL_STORAGE" />
8-->src\main\AndroidManifest.xml:5:5-81
8-->src\main\AndroidManifest.xml:5:22-78
9
10    <application
10-->src\main\AndroidManifest.xml:7:5-12:19
11        android:allowBackup="true"
11-->src\main\AndroidManifest.xml:8:9-35
12        android:requestLegacyExternalStorage="true"
12-->src\main\AndroidManifest.xml:9:9-52
13        tools:targetApi="q" >
13-->src\main\AndroidManifest.xml:10:9-28
14    </application>
15
16</manifest>